[LOG] System::create                           : Header version = 2.02.18. Current version = 2.02.18.
[LOG] Manager::init                            : maxchannels = 256 studioflags = 00000006 flags 00000000 extradriverdata 0000000000000000.
[LOG] SystemI::init                            : Initialize version=20218 (137105), maxchannels=256, flags=0x00020000
[LOG] SystemI::setOutputInternal               : Setting output to 'FMOD WASAPI Output'
[LOG] OutputWASAPI::init                       : Mix Format (WAVEFORMATEX): wFormatTag=0xFFFE, nChannels=2, nSamplesPerSec=48000, nAvgBytesPerSec=384000, nBlockAlign=8, wBitsPerSample=32, cbSize=22.
[LOG] OutputWASAPI::init                       : Mix Format (WAVEFORMATEXTENSIBLE): wValidBitsPerSample=32, dwChannelMask=0x00000003, SubFormat=00000003-0000-0010-8000-00AA00389B71.
[LOG] OutputWASAPI::init                       : Output buffer size: 4096 samples, latency: 0.00ms, period: 10.00ms, DSP buffer: 1024 * 4
[LOG] Thread::initThread                       : Init FMOD stream thread. Affinity: 0x4000000000000003, Priority: 0xFFFF7FFB, Stack Size: 98304, Semaphore: No, Sleep Time: 10, Looping: Yes.
[LOG] Thread::initThread                       : Init FMOD mixer thread. Affinity: 0x4000000000000001, Priority: 0xFFFF7FFA, Stack Size: 81920, Semaphore: No, Sleep Time: 0, Looping: Yes.
[LOG] AsyncManager::init                       : manager 000002BC736FEB28 isAsync 0 updatePeriod 0.02
[LOG] AsyncManager::init                       : done
[LOG] PlaybackSystem::init                     : 
[LOG] Thread::initThread                       : Init FMOD Studio sample load thread. Affinity: 0x4000000000000003, Priority: 0xFFFF7FFD, Stack Size: 98304, Semaphore: No, Sleep Time: 1, Looping: No.
[LOG] PlaybackSystem::init                     : done
[LOG] Thread::initThread                       : Init FMOD Studio bank load thread. Affinity: 0x4000000000000003, Priority: 0xFFFF7FFD, Stack Size: 98304, Semaphore: No, Sleep Time: 1, Looping: No.
[LOG] Manager::init                            : done.
[LOG] Manager::readBank                        : fileversion = 142, compatVersion = 140 (oldest = 44, newest = 142)
[LOG] Manager::readBank                        : fileversion = 142, compatVersion = 140 (oldest = 44, newest = 142)
[LOG] Manager::readBank                        : fileversion = 142, compatVersion = 140 (oldest = 44, newest = 142)
[LOG] PlaybackSystem::acquireMasterBus         : Setting master channel group format to 6
[LOG] Manager::readBank                        : fileversion = 142, compatVersion = 140 (oldest = 44, newest = 142)
[LOG] Manager::readBank                        : fileversion = 142, compatVersion = 140 (oldest = 44, newest = 142)
[LOG] Manager::readBank                        : fileversion = 142, compatVersion = 140 (oldest = 44, newest = 142)
[LOG] SystemI::createSoundInternal             : Create name='', mode=0x02000202
[LOG] SystemI::createSoundInternal             : exinfo->cbsize             = 224
[LOG] SystemI::createSoundInternal             : exinfo->length             = 2467616
[LOG] SystemI::createSoundInternal             : exinfo->fileoffset         = 25280
[LOG] SystemI::createSoundInternal             : exinfo->numsubsounds       = 1
[LOG] SystemI::createSoundInternal             : exinfo->inclusionlist      = 000000EEC320F168
[LOG] SystemI::createSoundInternal             : exinfo->inclusionlistnum   = 1
[LOG] SystemI::createSoundInternal             : exinfo->suggestedsoundtype = 5
[LOG] SystemI::createSoundInternal             : exinfo->useropen           = 00007FFEE0B33FA0
[LOG] SystemI::createSoundInternal             : exinfo->userclose          = 00007FFEE0B33F60
[LOG] SystemI::createSoundInternal             : exinfo->userread           = 00007FFEE0B34080
[LOG] SystemI::createSoundInternal             : exinfo->userseek           = 00007FFEE0B34140
[LOG] SystemI::createSoundInternal             : exinfo->fileuserdata       = 000002BB795EE1A8
[LOG] SystemI::createSoundInternal             : exinfo->initialseekpostype = 1
[LOG] SystemI::DSPCodecPoolRegister            : register codec pool for pool type 5
[LOG] SystemI::createSoundInternal             : Sample 0/1: name='TNOTLW - Button Fx 1', format=5, channels=2, frequency=48000, lengthbytes=50336, lengthpcm=198620, pcmblocksize=0, loopstart=0, loopend=0, mode=0x00000000, channelmask=0x00000000, channelorder=0, peakvolume=0.963750.
[LOG] SystemI::createSoundInternal             : Create name='', mode=0x02000202
[LOG] SystemI::createSoundInternal             : exinfo->cbsize             = 224
[LOG] SystemI::createSoundInternal             : exinfo->length             = 2467616
[LOG] SystemI::createSoundInternal             : exinfo->fileoffset         = 25280
[LOG] SystemI::createSoundInternal             : exinfo->numsubsounds       = 1
[LOG] SystemI::createSoundInternal             : exinfo->inclusionlist      = 000000EEC320F168
[LOG] SystemI::createSoundInternal             : exinfo->inclusionlistnum   = 1
[LOG] SystemI::createSoundInternal             : exinfo->suggestedsoundtype = 5
[LOG] SystemI::createSoundInternal             : exinfo->useropen           = 00007FFEE0B33FA0
[LOG] SystemI::createSoundInternal             : exinfo->userclose          = 00007FFEE0B33F60
[LOG] SystemI::createSoundInternal             : exinfo->userread           = 00007FFEE0B34080
[LOG] SystemI::createSoundInternal             : exinfo->userseek           = 00007FFEE0B34140
[LOG] SystemI::createSoundInternal             : exinfo->fileuserdata       = 000002BD5DF6CC28
[LOG] SystemI::createSoundInternal             : exinfo->initialseekpostype = 1
[LOG] SystemI::DSPCodecPoolRegister            : register codec pool for pool type 5
[LOG] SystemI::createSoundInternal             : Sample 0/1: name='TNOTLW - Button Fx 2', format=5, channels=2, frequency=48000, lengthbytes=81344, lengthpcm=297931, pcmblocksize=0, loopstart=0, loopend=0, mode=0x00000000, channelmask=0x00000000, channelorder=0, peakvolume=0.964093.
[LOG] SystemI::createSoundInternal             : Create name='', mode=0x02000202
[LOG] SystemI::createSoundInternal             : exinfo->cbsize             = 224
[LOG] SystemI::createSoundInternal             : exinfo->length             = 2467616
[LOG] SystemI::createSoundInternal             : exinfo->fileoffset         = 25280
[LOG] SystemI::createSoundInternal             : exinfo->numsubsounds       = 1
[LOG] SystemI::createSoundInternal             : exinfo->inclusionlist      = 000000EEC320F168
[LOG] SystemI::createSoundInternal             : exinfo->inclusionlistnum   = 1
[LOG] SystemI::createSoundInternal             : exinfo->suggestedsoundtype = 5
[LOG] SystemI::createSoundInternal             : exinfo->useropen           = 00007FFEE0B33FA0
[LOG] SystemI::createSoundInternal             : exinfo->userclose          = 00007FFEE0B33F60
[LOG] SystemI::createSoundInternal             : exinfo->userread           = 00007FFEE0B34080
[LOG] SystemI::createSoundInternal             : exinfo->userseek           = 00007FFEE0B34140
[LOG] SystemI::createSoundInternal             : exinfo->fileuserdata       = 000002BB795EF438
[LOG] SystemI::createSoundInternal             : exinfo->initialseekpostype = 1
[LOG] SystemI::DSPCodecPoolRegister            : register codec pool for pool type 5
[LOG] SystemI::createSoundInternal             : Sample 0/1: name='TNOTLW - Button Fx 3', format=5, channels=2, frequency=48000, lengthbytes=65344, lengthpcm=248276, pcmblocksize=0, loopstart=0, loopend=0, mode=0x00000000, channelmask=0x00000000, channelorder=0, peakvolume=0.964751.
[LOG] SystemI::createSoundInternal             : Create name='', mode=0x02000202
[LOG] SystemI::createSoundInternal             : exinfo->cbsize             = 224
[LOG] SystemI::createSoundInternal             : exinfo->length             = 2467616
[LOG] SystemI::createSoundInternal             : exinfo->fileoffset         = 25280
[LOG] SystemI::createSoundInternal             : exinfo->numsubsounds       = 1
[LOG] SystemI::createSoundInternal             : exinfo->inclusionlist      = 000000EEC320F168
[LOG] SystemI::createSoundInternal             : exinfo->inclusionlistnum   = 1
[LOG] SystemI::createSoundInternal             : exinfo->suggestedsoundtype = 5
[LOG] SystemI::createSoundInternal             : exinfo->useropen           = 00007FFEE0B33FA0
[LOG] SystemI::createSoundInternal             : exinfo->userclose          = 00007FFEE0B33F60
[LOG] SystemI::createSoundInternal             : exinfo->userread           = 00007FFEE0B34080
[LOG] SystemI::createSoundInternal             : exinfo->userseek           = 00007FFEE0B34140
[LOG] SystemI::createSoundInternal             : exinfo->fileuserdata       = 000002BB795F1538
[LOG] SystemI::createSoundInternal             : exinfo->initialseekpostype = 1
[LOG] SystemI::DSPCodecPoolRegister            : register codec pool for pool type 5
[LOG] SystemI::createSoundInternal             : Sample 0/1: name='TNOTLW - Button Fx 5', format=5, channels=2, frequency=48000, lengthbytes=44704, lengthpcm=198620, pcmblocksize=0, loopstart=0, loopend=0, mode=0x00000000, channelmask=0x00000000, channelorder=0, peakvolume=0.837448.
[LOG] SystemI::createSoundInternal             : Create name='', mode=0x02000202
[LOG] SystemI::createSoundInternal             : exinfo->cbsize             = 224
[LOG] SystemI::createSoundInternal             : exinfo->length             = 2467616
[LOG] SystemI::createSoundInternal             : exinfo->fileoffset         = 25280
[LOG] SystemI::createSoundInternal             : exinfo->numsubsounds       = 1
[LOG] SystemI::createSoundInternal             : exinfo->inclusionlist      = 000000EEC320F168
[LOG] SystemI::createSoundInternal             : exinfo->inclusionlistnum   = 1
[LOG] SystemI::createSoundInternal             : exinfo->suggestedsoundtype = 5
[LOG] SystemI::createSoundInternal             : exinfo->useropen           = 00007FFEE0B33FA0
[LOG] SystemI::createSoundInternal             : exinfo->userclose          = 00007FFEE0B33F60
[LOG] SystemI::createSoundInternal             : exinfo->userread           = 00007FFEE0B34080
[LOG] SystemI::createSoundInternal             : exinfo->userseek           = 00007FFEE0B34140
[LOG] SystemI::createSoundInternal             : exinfo->fileuserdata       = 000002BD5DF6D258
[LOG] SystemI::createSoundInternal             : exinfo->initialseekpostype = 1
[LOG] SystemI::DSPCodecPoolRegister            : register codec pool for pool type 5
[LOG] SystemI::createSoundInternal             : Sample 0/1: name='TNOTLW - Button Fx 4', format=5, channels=2, frequency=48000, lengthbytes=26496, lengthpcm=99310, pcmblocksize=0, loopstart=0, loopend=0, mode=0x00000000, channelmask=0x00000000, channelorder=0, peakvolume=0.954377.
[LOG] SoundI::release                          :  (000002BB78EC9C28)
[LOG] SoundI::release                          :     TNOTLW - Button Fx 1 (000002BB724269F8)
[LOG] SoundI::release                          :  (000002BB790F9A68)
[LOG] SoundI::release                          :     TNOTLW - Button Fx 2 (000002BB78CEB248)
[LOG] SoundI::release                          :  (000002BB78ECB8E8)
[LOG] SoundI::release                          :     TNOTLW - Button Fx 3 (000002BC60A55F08)
[LOG] SoundI::release                          :  (000002BB790FBA08)
[LOG] SoundI::release                          :     TNOTLW - Button Fx 4 (000002B9A0A14338)
[LOG] SoundI::release                          :  (000002BB78EC9218)
[LOG] SoundI::release                          :     TNOTLW - Button Fx 5 (000002BC60A560A8)
[LOG] Manager::readBank                        : fileversion = 142, compatVersion = 140 (oldest = 44, newest = 142)
[LOG] Manager::readBank                        : fileversion = 142, compatVersion = 140 (oldest = 44, newest = 142)
[LOG] Manager::readBank                        : fileversion = 142, compatVersion = 140 (oldest = 44, newest = 142)
[LOG] PlaybackSystem::acquireMasterBus         : Setting master channel group format to 6
[LOG] Manager::readBank                        : fileversion = 142, compatVersion = 140 (oldest = 44, newest = 142)
[LOG] Manager::readBank                        : fileversion = 142, compatVersion = 140 (oldest = 44, newest = 142)
[LOG] Manager::readBank                        : fileversion = 142, compatVersion = 140 (oldest = 44, newest = 142)
[LOG] SystemI::createSoundInternal             : Create name='', mode=0x02000202
[LOG] SystemI::createSoundInternal             : exinfo->cbsize             = 224
[LOG] SystemI::createSoundInternal             : exinfo->length             = 2467616
[LOG] SystemI::createSoundInternal             : exinfo->fileoffset         = 25280
[LOG] SystemI::createSoundInternal             : exinfo->numsubsounds       = 1
[LOG] SystemI::createSoundInternal             : exinfo->inclusionlist      = 000000EEC320F168
[LOG] SystemI::createSoundInternal             : exinfo->inclusionlistnum   = 1
[LOG] SystemI::createSoundInternal             : exinfo->suggestedsoundtype = 5
[LOG] SystemI::createSoundInternal             : exinfo->useropen           = 00007FFEE0B33FA0
[LOG] SystemI::createSoundInternal             : exinfo->userclose          = 00007FFEE0B33F60
[LOG] SystemI::createSoundInternal             : exinfo->userread           = 00007FFEE0B34080
[LOG] SystemI::createSoundInternal             : exinfo->userseek           = 00007FFEE0B34140
[LOG] SystemI::createSoundInternal             : exinfo->fileuserdata       = 000002BB795ED758
[LOG] SystemI::createSoundInternal             : exinfo->initialseekpostype = 1
[LOG] SystemI::DSPCodecPoolRegister            : register codec pool for pool type 5
[LOG] SystemI::createSoundInternal             : Sample 0/1: name='TNOTLW - Button Fx 5', format=5, channels=2, frequency=48000, lengthbytes=44704, lengthpcm=198620, pcmblocksize=0, loopstart=0, loopend=0, mode=0x00000000, channelmask=0x00000000, channelorder=0, peakvolume=0.837448.
[LOG] SystemI::createSoundInternal             : Create name='', mode=0x02000202
[LOG] SystemI::createSoundInternal             : exinfo->cbsize             = 224
[LOG] SystemI::createSoundInternal             : exinfo->length             = 2467616
[LOG] SystemI::createSoundInternal             : exinfo->fileoffset         = 25280
[LOG] SystemI::createSoundInternal             : exinfo->numsubsounds       = 1
[LOG] SystemI::createSoundInternal             : exinfo->inclusionlist      = 000000EEC320F168
[LOG] SystemI::createSoundInternal             : exinfo->inclusionlistnum   = 1
[LOG] SystemI::createSoundInternal             : exinfo->suggestedsoundtype = 5
[LOG] SystemI::createSoundInternal             : exinfo->useropen           = 00007FFEE0B33FA0
[LOG] SystemI::createSoundInternal             : exinfo->userclose          = 00007FFEE0B33F60
[LOG] SystemI::createSoundInternal             : exinfo->userread           = 00007FFEE0B34080
[LOG] SystemI::createSoundInternal             : exinfo->userseek           = 00007FFEE0B34140
[LOG] SystemI::createSoundInternal             : exinfo->fileuserdata       = 000002BB795ECAF8
[LOG] SystemI::createSoundInternal             : exinfo->initialseekpostype = 1
[LOG] SystemI::DSPCodecPoolRegister            : register codec pool for pool type 5
[LOG] SystemI::createSoundInternal             : Sample 0/1: name='TNOTLW - Button Fx 4', format=5, channels=2, frequency=48000, lengthbytes=26496, lengthpcm=99310, pcmblocksize=0, loopstart=0, loopend=0, mode=0x00000000, channelmask=0x00000000, channelorder=0, peakvolume=0.954377.
[LOG] SoundI::release                          :  (000002BB78ECC2F8)
[LOG] SoundI::release                          :     TNOTLW - Button Fx 5 (000002BC60A55D68)
[LOG] SoundI::release                          :  (000002BB78ECCE78)
[LOG] SoundI::release                          :     TNOTLW - Button Fx 4 (000002BC60A560A8)
[LOG] Manager::readBank                        : fileversion = 142, compatVersion = 140 (oldest = 44, newest = 142)
[LOG] Manager::readBank                        : fileversion = 142, compatVersion = 140 (oldest = 44, newest = 142)
[LOG] Manager::readBank                        : fileversion = 142, compatVersion = 140 (oldest = 44, newest = 142)
[LOG] PlaybackSystem::acquireMasterBus         : Setting master channel group format to 6
[LOG] Manager::readBank                        : fileversion = 142, compatVersion = 140 (oldest = 44, newest = 142)
[LOG] Manager::readBank                        : fileversion = 142, compatVersion = 140 (oldest = 44, newest = 142)
[LOG] Manager::readBank                        : fileversion = 142, compatVersion = 140 (oldest = 44, newest = 142)
[LOG] Manager::readBank                        : fileversion = 142, compatVersion = 140 (oldest = 44, newest = 142)
[LOG] Manager::readBank                        : fileversion = 142, compatVersion = 140 (oldest = 44, newest = 142)
[LOG] Manager::readBank                        : fileversion = 142, compatVersion = 140 (oldest = 44, newest = 142)
[LOG] PlaybackSystem::acquireMasterBus         : Setting master channel group format to 6
[LOG] Manager::readBank                        : fileversion = 142, compatVersion = 140 (oldest = 44, newest = 142)
[LOG] Manager::readBank                        : fileversion = 142, compatVersion = 140 (oldest = 44, newest = 142)
[LOG] Manager::readBank                        : fileversion = 142, compatVersion = 140 (oldest = 44, newest = 142)
[LOG] SystemI::createSoundInternal             : Create name='', mode=0x02000202
[LOG] SystemI::createSoundInternal             : exinfo->cbsize             = 224
[LOG] SystemI::createSoundInternal             : exinfo->length             = 2467616
[LOG] SystemI::createSoundInternal             : exinfo->fileoffset         = 25280
[LOG] SystemI::createSoundInternal             : exinfo->numsubsounds       = 1
[LOG] SystemI::createSoundInternal             : exinfo->inclusionlist      = 000000EEC320F168
[LOG] SystemI::createSoundInternal             : exinfo->inclusionlistnum   = 1
[LOG] SystemI::createSoundInternal             : exinfo->suggestedsoundtype = 5
[LOG] SystemI::createSoundInternal             : exinfo->useropen           = 00007FFEE0B33FA0
[LOG] SystemI::createSoundInternal             : exinfo->userclose          = 00007FFEE0B33F60
[LOG] SystemI::createSoundInternal             : exinfo->userread           = 00007FFEE0B34080
[LOG] SystemI::createSoundInternal             : exinfo->userseek           = 00007FFEE0B34140
[LOG] SystemI::createSoundInternal             : exinfo->fileuserdata       = 000002BC7BE40B48
[LOG] SystemI::createSoundInternal             : exinfo->initialseekpostype = 1
[LOG] SystemI::DSPCodecPoolRegister            : register codec pool for pool type 5
[LOG] SystemI::createSoundInternal             : Sample 0/1: name='TNOTLW - Button Fx 1', format=5, channels=2, frequency=48000, lengthbytes=50336, lengthpcm=198620, pcmblocksize=0, loopstart=0, loopend=0, mode=0x00000000, channelmask=0x00000000, channelorder=0, peakvolume=0.963750.
[LOG] SoundI::release                          :  (000002BC3DD9E938)
[LOG] SoundI::release                          :     TNOTLW - Button Fx 1 (000002BD5E096D68)
[LOG] Manager::readBank                        : fileversion = 142, compatVersion = 140 (oldest = 44, newest = 142)
[LOG] Manager::readBank                        : fileversion = 142, compatVersion = 140 (oldest = 44, newest = 142)
[LOG] Manager::readBank                        : fileversion = 142, compatVersion = 140 (oldest = 44, newest = 142)
[LOG] PlaybackSystem::acquireMasterBus         : Setting master channel group format to 6
[LOG] Manager::readBank                        : fileversion = 142, compatVersion = 140 (oldest = 44, newest = 142)
[LOG] Manager::readBank                        : fileversion = 142, compatVersion = 140 (oldest = 44, newest = 142)
[LOG] Manager::readBank                        : fileversion = 142, compatVersion = 140 (oldest = 44, newest = 142)
[LOG] SystemI::createSoundInternal             : Create name='', mode=0x02000202
[LOG] SystemI::createSoundInternal             : exinfo->cbsize             = 224
[LOG] SystemI::createSoundInternal             : exinfo->length             = 2467616
[LOG] SystemI::createSoundInternal             : exinfo->fileoffset         = 25280
[LOG] SystemI::createSoundInternal             : exinfo->numsubsounds       = 1
[LOG] SystemI::createSoundInternal             : exinfo->inclusionlist      = 000000EEC320F168
[LOG] SystemI::createSoundInternal             : exinfo->inclusionlistnum   = 1
[LOG] SystemI::createSoundInternal             : exinfo->suggestedsoundtype = 5
[LOG] SystemI::createSoundInternal             : exinfo->useropen           = 00007FFEE0B33FA0
[LOG] SystemI::createSoundInternal             : exinfo->userclose          = 00007FFEE0B33F60
[LOG] SystemI::createSoundInternal             : exinfo->userread           = 00007FFEE0B34080
[LOG] SystemI::createSoundInternal             : exinfo->userseek           = 00007FFEE0B34140
[LOG] SystemI::createSoundInternal             : exinfo->fileuserdata       = 000002BC7BE45168
[LOG] SystemI::createSoundInternal             : exinfo->initialseekpostype = 1
[LOG] SystemI::DSPCodecPoolRegister            : register codec pool for pool type 5
[LOG] SystemI::createSoundInternal             : Sample 0/1: name='TNOTLW - Button Fx 2', format=5, channels=2, frequency=48000, lengthbytes=81344, lengthpcm=297931, pcmblocksize=0, loopstart=0, loopend=0, mode=0x00000000, channelmask=0x00000000, channelorder=0, peakvolume=0.964093.
[LOG] SystemI::createSoundInternal             : Create name='', mode=0x02000202
[LOG] SystemI::createSoundInternal             : exinfo->cbsize             = 224
[LOG] SystemI::createSoundInternal             : exinfo->length             = 2467616
[LOG] SystemI::createSoundInternal             : exinfo->fileoffset         = 25280
[LOG] SystemI::createSoundInternal             : exinfo->numsubsounds       = 1
[LOG] SystemI::createSoundInternal             : exinfo->inclusionlist      = 000000EEC320F168
[LOG] SystemI::createSoundInternal             : exinfo->inclusionlistnum   = 1
[LOG] SystemI::createSoundInternal             : exinfo->suggestedsoundtype = 5
[LOG] SystemI::createSoundInternal             : exinfo->useropen           = 00007FFEE0B33FA0
[LOG] SystemI::createSoundInternal             : exinfo->userclose          = 00007FFEE0B33F60
[LOG] SystemI::createSoundInternal             : exinfo->userread           = 00007FFEE0B34080
[LOG] SystemI::createSoundInternal             : exinfo->userseek           = 00007FFEE0B34140
[LOG] SystemI::createSoundInternal             : exinfo->fileuserdata       = 000002BD5DF6D678
[LOG] SystemI::createSoundInternal             : exinfo->initialseekpostype = 1
[LOG] SystemI::DSPCodecPoolRegister            : register codec pool for pool type 5
[LOG] SystemI::createSoundInternal             : Sample 0/1: name='TNOTLW - Button Fx 3', format=5, channels=2, frequency=48000, lengthbytes=65344, lengthpcm=248276, pcmblocksize=0, loopstart=0, loopend=0, mode=0x00000000, channelmask=0x00000000, channelorder=0, peakvolume=0.964751.
[LOG] SystemI::createSoundInternal             : Create name='', mode=0x02000202
[LOG] SystemI::createSoundInternal             : exinfo->cbsize             = 224
[LOG] SystemI::createSoundInternal             : exinfo->length             = 2467616
[LOG] SystemI::createSoundInternal             : exinfo->fileoffset         = 25280
[LOG] SystemI::createSoundInternal             : exinfo->numsubsounds       = 1
[LOG] SystemI::createSoundInternal             : exinfo->inclusionlist      = 000000EEC320F168
[LOG] SystemI::createSoundInternal             : exinfo->inclusionlistnum   = 1
[LOG] SystemI::createSoundInternal             : exinfo->suggestedsoundtype = 5
[LOG] SystemI::createSoundInternal             : exinfo->useropen           = 00007FFEE0B33FA0
[LOG] SystemI::createSoundInternal             : exinfo->userclose          = 00007FFEE0B33F60
[LOG] SystemI::createSoundInternal             : exinfo->userread           = 00007FFEE0B34080
[LOG] SystemI::createSoundInternal             : exinfo->userseek           = 00007FFEE0B34140
[LOG] SystemI::createSoundInternal             : exinfo->fileuserdata       = 000002BB795EF018
[LOG] SystemI::createSoundInternal             : exinfo->initialseekpostype = 1
[LOG] SystemI::DSPCodecPoolRegister            : register codec pool for pool type 5
[LOG] SystemI::createSoundInternal             : Sample 0/1: name='TNOTLW - Button Fx 5', format=5, channels=2, frequency=48000, lengthbytes=44704, lengthpcm=198620, pcmblocksize=0, loopstart=0, loopend=0, mode=0x00000000, channelmask=0x00000000, channelorder=0, peakvolume=0.837448.
[LOG] SoundI::release                          :  (000002BC3DD9EC18)
[LOG] SoundI::release                          :     TNOTLW - Button Fx 2 (000002BD5E096888)
[LOG] SoundI::release                          :  (000002BB790FA758)
[LOG] SoundI::release                          :     TNOTLW - Button Fx 3 (000002BB78CEB248)
[LOG] SoundI::release                          :  (000002BB78EC94F8)
[LOG] SoundI::release                          :     TNOTLW - Button Fx 5 (000002BC60A56588)
[LOG] Thread::callback                         : FMOD Studio bank load thread finished.
[LOG] Thread::callback                         : FMOD Studio sample load thread finished.
[LOG] LiveUpdate::release                      : 
[LOG] LiveUpdate::reset                        : Reset connection (reason Disconnected)
[LOG] Thread::callback                         : FMOD stream thread finished.
[LOG] Thread::callback                         : FMOD mixer thread finished.
[LOG] SystemI::close                           : Closed.
